0 info it worked if it ends with ok
1 verbose cli [ '/usr/local/bin/node', '/usr/local/bin/npm', 'start' ]
2 info using npm@3.9.2
3 info using node@v6.11.1
4 verbose run-script [ 'prestart', 'start', 'poststart' ]
5 info lifecycle prebid.js@1.17.0-pre~prestart: prebid.js@1.17.0-pre
6 silly lifecycle prebid.js@1.17.0-pre~prestart: no script for prestart, continuing
7 info lifecycle prebid.js@1.17.0-pre~start: prebid.js@1.17.0-pre
8 verbose lifecycle prebid.js@1.17.0-pre~start: unsafe-perm in lifecycle true
9 verbose lifecycle prebid.js@1.17.0-pre~start: PATH: /usr/local/lib/node_modules/npm/bin/node-gyp-bin:/Users/yashsaxena/Desktop/stanza/Prebid.js/node_modules/.bin:/usr/local/bin:/usr/local/bin:/usr/bin:/bin:/usr/sbin:/sbin:/usr/local/go/bin
10 verbose lifecycle prebid.js@1.17.0-pre~start: CWD: /Users/yashsaxena/Desktop/stanza/Prebid.js
11 silly lifecycle prebid.js@1.17.0-pre~start: Args: [ '-c', 'node server' ]
12 silly lifecycle prebid.js@1.17.0-pre~start: Returned: code: 1  signal: null
13 info lifecycle prebid.js@1.17.0-pre~start: Failed to exec start script
14 verbose stack Error: prebid.js@1.17.0-pre start: `node server`
14 verbose stack Exit status 1
14 verbose stack     at EventEmitter.<anonymous> (/usr/local/lib/node_modules/npm/lib/utils/lifecycle.js:245:16)
14 verbose stack     at emitTwo (events.js:106:13)
14 verbose stack     at EventEmitter.emit (events.js:191:7)
14 verbose stack     at ChildProcess.<anonymous> (/usr/local/lib/node_modules/npm/lib/utils/spawn.js:24:14)
14 verbose stack     at emitTwo (events.js:106:13)
14 verbose stack     at ChildProcess.emit (events.js:191:7)
14 verbose stack     at maybeClose (internal/child_process.js:891:16)
14 verbose stack     at Process.ChildProcess._handle.onexit (internal/child_process.js:226:5)
15 verbose pkgid prebid.js@1.17.0-pre
16 verbose cwd /Users/yashsaxena/Desktop/stanza/Prebid.js
17 error Darwin 15.0.0
18 error argv "/usr/local/bin/node" "/usr/local/bin/npm" "start"
19 error node v6.11.1
20 error npm  v3.9.2
21 error code ELIFECYCLE
22 error prebid.js@1.17.0-pre start: `node server`
22 error Exit status 1
23 error Failed at the prebid.js@1.17.0-pre start script 'node server'.
23 error Make sure you have the latest version of node.js and npm installed.
23 error If you do, this is most likely a problem with the prebid.js package,
23 error not with npm itself.
23 error Tell the author that this fails on your system:
23 error     node server
23 error You can get information on how to open an issue for this project with:
23 error     npm bugs prebid.js
23 error Or if that isn't available, you can get their info via:
23 error     npm owner ls prebid.js
23 error There is likely additional logging output above.
24 verbose exit [ 1, true ]
